T:\Proyectos\PP06-00066\PRO\E - Esquemas Eléctricos\E1A - Convertidores corriente continua\Posib.mod. tij 18, 1BM, 2BM\2666.dwg,Model,28/11/2006 15:42:11,jose.pazos,\\trafo\Xerox WorkCentre Pro 423 PCL 6,A4 (210x297 mm),1:1.44228,
T:\Proyectos\PP06-00066\PRO\E - Esquemas Eléctricos\E1A - Convertidores corriente continua\Posib.mod. tij 18, 1BM, 2BM\2668.dwg,Model,28/11/2006 15:42:25,jose.pazos,\\trafo\Xerox WorkCentre Pro 423 PCL 6,A4 (210x297 mm),1:1.44224,
T:\Proyectos\PP06-00066\PRO\E - Esquemas Eléctricos\E1A - Convertidores corriente continua\Posib.mod. tij 18, 1BM, 2BM\2672.dwg,Model,28/11/2006 15:43:49,jose.pazos,Xerox WorkCentre Pro 423 PCL 6 (temporal).pc3,A4 (210x297 mm),1:1.44224,
T:\Proyectos\PP06-00066\PRO\E - Esquemas Eléctricos\E1A - Convertidores corriente continua\Posib.mod. tij 18, 1BM, 2BM\2674.dwg,Model,28/11/2006 15:46:22,jose.pazos,Xerox WorkCentre Pro 423 PCL 6 (temporal).pc3,A4 (210x297 mm),1:2.04182,
T:\Proyectos\PP06-00066\PRO\E - Esquemas Eléctricos\E1A - Convertidores corriente continua\Posib.mod. tij 18, 1BM, 2BM\2754.dwg,Model,28/11/2006 15:50:45,jose.pazos,\\trafo\Xerox WorkCentre Pro 423 PCL 6,A4 (210x297 mm),1:1.38313,
T:\Proyectos\PP06-00066\PRO\E - Esquemas Eléctricos\E1A - Convertidores corriente continua\3 -Cajas 7H, 8V Y 9H\1576.dwg,Model,30/11/2006 13:21:45,jose.pazos,\\trafo\Xerox WorkCentre Pro 423 PCL 6,A4 (210x297 mm),1:1.44224,
T:\Proyectos\PP06-00066\PRO\E - Esquemas Eléctricos\E1A - Convertidores corriente continua\Posib.mod. tij 18, 1BM, 2BM\2652.dwg,Model,01/12/2006 12:42:20,jose.pazos,Xerox WorkCentre Pro 423 PCL 6 (temporal).pc3,A4 (210x297 mm),1:1.88672,
T:\Proyectos\PP06-00066\PRO\E - Esquemas Eléctricos\E1A - Convertidores corriente continua\Posib.mod. tij 18, 1BM, 2BM\2616.dwg,Model,12/12/2006 16:41:09,jose.pazos,\\trafo\Xerox WorkCentre Pro 423 PCL 6,8.5x11 pulg." (Carta),1:43.3117,
T:\Proyectos\PP06-00066\PRO\E - Esquemas Eléctricos\E1A - Convertidores corriente continua\Posib.mod. tij 18, 1BM, 2BM\2656.dwg,Model,14/12/2006 10:39:15,jose.pazos,Xerox WorkCentre Pro 423 PCL 6 (temporal).pc3,8.5x11 pulg." (Carta),1:35.9643,
T:\Proyectos\PP06-00066\PRO\E - Esquemas Eléctricos\E1A - Convertidores corriente continua\Posib.mod. tij 18, 1BM, 2BM\2656.dwg,Model,14/12/2006 10:40:17,jose.pazos,\\trafo\Xerox WorkCentre Pro 423 PCL 6,A4 (210x297 mm),1:1.383,
C:\Documents and Settings\jose.pazos\Escritorio\2652.dwg,Model,14/12/2006 10:41:04,jose.pazos,Xerox WorkCentre Pro 423 PCL 6 (temporal).pc3,A4 (210x297 mm),1:1.88663,
T:\Proyectos\PP06-00066\PRO\E - Esquemas Eléctricos\E1A - Convertidores corriente continua\Tijeras 18, 1BM, 2BM\2602.dwg,Model,14/12/2006 12:33:16,jose.pazos,Xerox WorkCentre Pro 423 PCL 6 (temporal).pc3,A4 (210x297 mm),1:1.88132,
T:\Proyectos\PP06-00066\PRO\E - Esquemas Eléctricos\E1A - Convertidores corriente continua\Tijeras 18, 1BM, 2BM\2752.dwg,Model,15/12/2006 8:26:37,jose.pazos,Xerox WorkCentre Pro 423 PCL 6 (temporal).pc3,A4 (210x297 mm),1:1.86794,
T:\Proyectos\PP06-00066\PRO\E - Esquemas Eléctricos\E1A - Convertidores corriente continua\Tijeras 18, 1BM, 2BM\2752.dwg,Model,18/12/2006 9:09:29,jose.pazos,Xerox WorkCentre Pro 423 PCL 6 (temporal).pc3,A4 (210x297 mm),1:1.86805,
T:\Proyectos\PP06-00066\PRO\E - Esquemas Eléctricos\E1A - Convertidores corriente continua\Tijeras 6 y 12\2402.dwg,Model,18/12/2006 12:09:16,jose.pazos,Xerox WorkCentre Pro 423 PCL 6 (temporal).pc3,A4 (210x297 mm),1:1.95164,
T:\Proyectos\PP06-00066\PRO\E - Esquemas Eléctricos\E1A - Convertidores corriente continua\Tijeras 6 y 12\2552.dwg,Model,18/12/2006 15:16:56,jose.pazos,Xerox WorkCentre Pro 423 PCL 6 (temporal).pc3,A4 (210x297 mm),1:1.84351,
T:\Proyectos\PP06-00066\PRO\E - Esquemas Eléctricos\E1A - Convertidores corriente continua\Tijeras 18, 1BM, 2BM\2602.dwg,Model,19/12/2006 13:04:09,jose.pazos,Xerox WorkCentre Pro 423 PCL 6 (temporal).pc3,A4 (210x297 mm),1:1.88144,
T:\Proyectos\PP06-00066\PRO\E - Esquemas Eléctricos\E1A - Convertidores corriente continua\Tijeras 6 y 12\2402.dwg,Model,19/12/2006 15:19:17,jose.pazos,Xerox WorkCentre Pro 423 PCL 6 (temporal).pc3,A4 (210x297 mm),1:1.95164,
T:\Proyectos\PP06-00066\PRO\E - Esquemas Eléctricos\E1A - Convertidores corriente continua\Tijeras 18, 1BM, 2BM\2602.dwg,Model,19/12/2006 16:57:49,jose.pazos,Xerox WorkCentre Pro 423 PCL 6 (temporal).pc3,A4 (210x297 mm),1:1.88144,
T:\Proyectos\PP06-00066\PRO\E - Esquemas Eléctricos\E1A - Convertidores corriente continua\Tijeras 18, 1BM, 2BM\2652.dwg,Model,19/12/2006 17:12:31,jose.pazos,Xerox WorkCentre Pro 423 PCL 6 (temporal).pc3,A4 (210x297 mm),1:1.88672,
T:\Proyectos\PP06-00066\PRO\E - Esquemas Eléctricos\E1A - Convertidores corriente continua\Tijeras 18, 1BM, 2BM\2652.dwg,Model,19/12/2006 17:14:15,jose.pazos,Xerox WorkCentre Pro 423 PCL 6 (temporal).pc3,A4 (210x297 mm),1:1.88672,
T:\Proyectos\PP06-00066\PRO\E - Esquemas Eléctricos\E1A - Convertidores corriente continua\Tijeras 18, 1BM, 2BM\2782.dwg,Model,20/12/2006 16:32:20,jose.pazos,Xerox WorkCentre Pro 423 PCL 6 (temporal).pc3,A4 (210x297 mm),1:1.58672,
T:\Proyectos\PP06-00066\PRO\E - Esquemas Eléctricos\E1A - Convertidores corriente continua\Tijera 18RM\2806.dwg,Model,29/12/2006 15:51:00,jorge,\\trafo\Xerox WorkCentre Pro 423 PCL 6,A4 (210x297 mm),1:1.39694,
T:\Proyectos\PP06-00066\PRO\E - Esquemas Eléctricos\E1A - Convertidores corriente continua\Tijeras 18, 1BM, 2BM\2606.dwg,Model,29/12/2006 15:51:11,jorge,\\trafo\Xerox WorkCentre Pro 423 PCL 6,A4 (210x297 mm),1:1.52488,
T:\Proyectos\PP06-00066\PRO\E - Esquemas Eléctricos\E1A - Convertidores corriente continua\Tijeras 18, 1BM, 2BM\2756.dwg,Model,29/12/2006 15:51:22,jorge,\\trafo\Xerox WorkCentre Pro 423 PCL 6,A4 (210x297 mm),1:1.41079,
T:\Proyectos\PP06-00066\PRO\E - Esquemas Eléctricos\E1A - Convertidores corriente continua\Tijeras 6 y 12\2556.dwg,Model,29/12/2006 15:51:30,jorge,\\trafo\Xerox WorkCentre Pro 423 PCL 6,A4 (210x297 mm),1:1.52486,
T:\Proyectos\PP06-00066\PRO\E - Esquemas Eléctricos\E1A - Convertidores corriente continua\Tijeras 6 y 12\2406.dwg,Model,29/12/2006 15:51:37,jorge,\\trafo\Xerox WorkCentre Pro 423 PCL 6,A4 (210x297 mm),1:1.42494,
T:\Proyectos\PP06-00066\PRO\E - Esquemas Eléctricos\E1A - Convertidores corriente continua\Tijeras 18, 1BM, 2BM\2656.dwg,Model,29/12/2006 15:51:43,jorge,\\trafo\Xerox WorkCentre Pro 423 PCL 6,A4 (210x297 mm),1:1.383,
T:\Proyectos\PP06-00066\PRO\E - Esquemas Eléctricos\E1A - Convertidores corriente continua\Tijera corte en frio\2856.dwg,Model,29/12/2006 15:51:49,jorge,\\trafo\Xerox WorkCentre Pro 423 PCL 6,A4 (210x297 mm),1:1.41076,
T:\Proyectos\PP06-00066\PRO\E - Esquemas Eléctricos\E1A - Convertidores corriente continua\7 - BRSM 1 y 3\2262.dwg,Model,3/2/2007 12:44:37 PM,v.arriba,\\Trafo\Xerox WorkCentre Pro 423 PCL 6,A4 (210x297 mm),1:1.41895,
T:\Proyectos\PP06-00066\PRO\E - Esquemas Eléctricos\E1A - Convertidores corriente continua\Tijeras 18, 1BM, 2BM\2780.dwg,Model,3/2/2007 3:07:53 PM,v.arriba,\\trafo\Xerox WorkCentre Pro 423 PCL 6,A4 (210x297 mm),1:1.44228,
T:\Proyectos\PP06-00066\PRO\E - Esquemas Eléctricos\E1A - Convertidores corriente continua\Tijeras 18, 1BM, 2BM\2632.dwg,Model,3/2/2007 3:09:15 PM,v.arriba,\\trafo\Xerox WorkCentre Pro 423 PCL 6,A4 (210x297 mm),1:1.58672,
T:\Proyectos\PP06-00066\PRO\E - Esquemas Eléctricos\E1A - Convertidores corriente continua\Tijeras 18, 1BM, 2BM\2782.dwg,Model,3/2/2007 3:09:33 PM,v.arriba,\\trafo\Xerox WorkCentre Pro 423 PCL 6,A4 (210x297 mm),1:1.58667,
T:\Proyectos\PP06-00066\PRO\E - Esquemas Eléctricos\E1A - Convertidores corriente continua\Tijeras 18, 1BM, 2BM\2780.dwg,Model,3/2/2007 4:31:23 PM,v.arriba,\\trafo\Xerox WorkCentre Pro 423 PCL 6,A4 (210x297 mm),1:1.44222,
T:\Proyectos\PP06-00066\PRO\E - Esquemas Eléctricos\E1A - Convertidores corriente continua\Tijera corte en frio\2882.dwg,Model,3/2/2007 4:46:31 PM,v.arriba,\\trafo\Xerox WorkCentre Pro 423 PCL 6,A4 (210x297 mm),1:1.58667,
T:\Proyectos\PP06-00066\PRO\E - Esquemas Eléctricos\E1A - Convertidores corriente continua\Tijera corte en frio\2880.dwg,Model,3/2/2007 4:52:36 PM,v.arriba,\\trafo\Xerox WorkCentre Pro 423 PCL 6,A4 (210x297 mm),1:1.44224,
T:\Proyectos\PP06-00066\PRO\E - Esquemas Eléctricos\E1I - Salida a Barras\E1I.1 - +AS.4. CPU Salida a Barras\4130.dwg,Model,3/15/2007 12:53:10 PM,v.arriba,\\Trafo\Xerox WorkCentre Pro 423 PCL 6,A4 (210x297 mm),1:1.72286,
T:\Proyectos\PP06-00066\PRO\E - Esquemas Eléctricos\E1A - Convertidores corriente continua\Tijeras 18, 1BM, 2BM\2656.dwg,Model,3/21/2007 5:05:42 PM,v.arriba,\\trafo\Xerox WorkCentre Pro 423 PCL 6,A4 (210x297 mm),1:1.383,
T:\Proyectos\PP06-00066\PRO\E - Esquemas Eléctricos\E1A - Convertidores corriente continua\Tijeras 18, 1BM, 2BM\2756.dwg,Model,3/21/2007 5:08:35 PM,v.arriba,\\trafo\Xerox WorkCentre Pro 423 PCL 6,A4 (210x297 mm),1:1.41078,
T:\Proyectos\PP06-00066\PRO\E - Esquemas Eléctricos\E1A - Convertidores corriente continua\Tijeras 18, 1BM, 2BM\2632.dwg,Model,02/04/2007 16:37:31,jose.pazos,Xerox WorkCentre Pro 423 PCL 6 (temporal).pc3,A4 (210x297 mm),1:1.58669,
T:\Proyectos\PP06-00066\PRO\E - Esquemas Eléctricos\E1A - Convertidores corriente continua\Tijeras 18, 1BM, 2BM\2682.dwg,Model,02/04/2007 16:57:22,jose.pazos,Xerox WorkCentre Pro 423 PCL 6 (temporal).pc3,A4 (210x297 mm),1:1.58669,
T:\Proyectos\PP06-00066\PRO\E - Esquemas Eléctricos\E1A - Convertidores corriente continua\Tijeras 18, 1BM, 2BM\2782.dwg,Model,02/04/2007 17:01:47,jose.pazos,Xerox WorkCentre Pro 423 PCL 6 (temporal).pc3,A4 (210x297 mm),1:1.58676,
